{"total": {"lines":{"total":960,"covered":10,"skipped":0,"pct":1.04},"statements":{"total":968,"covered":10,"skipped":0,"pct":1.03},"functions":{"total":326,"covered":3,"skipped":0,"pct":0.92},"branches":{"total":483,"covered":9,"skipped":0,"pct":1.86},"branchesTrue":{"total":0,"covered":0,"skipped":0,"pct":100}}
,"C:\\Users\\LENOVO\\Downloads\\health-biz-analytics-main\\health-biz-analytics-main\\frontend\\src\\App.tsx": {"lines":{"total":3,"covered":0,"skipped":0,"pct":0},"functions":{"total":2,"covered":0,"skipped":0,"pct":0},"statements":{"total":3,"covered":0,"skipped":0,"pct":0},"branches":{"total":0,"covered":0,"skipped":0,"pct":100}}
,"C:\\Users\\LENOVO\\Downloads\\health-biz-analytics-main\\health-biz-analytics-main\\frontend\\src\\components\\app-sidebar.tsx": {"lines":{"total":5,"covered":0,"skipped":0,"pct":0},"functions":{"total":2,"covered":0,"skipped":0,"pct":0},"statements":{"total":5,"covered":0,"skipped":0,"pct":0},"branches":{"total":3,"covered":0,"skipped":0,"pct":0}}
,"C:\\Users\\LENOVO\\Downloads\\health-biz-analytics-main\\health-biz-analytics-main\\frontend\\src\\components\\stat-card.tsx": {"lines":{"total":1,"covered":0,"skipped":0,"pct":0},"functions":{"total":1,"covered":0,"skipped":0,"pct":0},"statements":{"total":1,"covered":0,"skipped":0,"pct":0},"branches":{"total":10,"covered":0,"skipped":0,"pct":0}}
,"C:\\Users\\LENOVO\\Downloads\\health-biz-analytics-main\\health-biz-analytics-main\\frontend\\src\\components\\theme-provider.tsx": {"lines":{"total":13,"covered":0,"skipped":0,"pct":0},"functions":{"total":7,"covered":0,"skipped":0,"pct":0},"statements":{"total":15,"covered":0,"skipped":0,"pct":0},"branches":{"total":6,"covered":0,"skipped":0,"pct":0}}
,"C:\\Users\\LENOVO\\Downloads\\health-biz-analytics-main\\health-biz-analytics-main\\frontend\\src\\components\\theme-toggle.tsx": {"lines":{"total":2,"covered":0,"skipped":0,"pct":0},"functions":{"total":1,"covered":0,"skipped":0,"pct":0},"statements":{"total":2,"covered":0,"skipped":0,"pct":0},"branches":{"total":2,"covered":0,"skipped":0,"pct":0}}
,"C:\\Users\\LENOVO\\Downloads\\health-biz-analytics-main\\health-biz-analytics-main\\frontend\\src\\components\\ui\\accordion.tsx": {"lines":{"total":10,"covered":0,"skipped":0,"pct":0},"functions":{"total":3,"covered":0,"skipped":0,"pct":0},"statements":{"total":10,"covered":0,"skipped":0,"pct":0},"branches":{"total":0,"covered":0,"skipped":0,"pct":100}}
,"C:\\Users\\LENOVO\\Downloads\\health-biz-analytics-main\\health-biz-analytics-main\\frontend\\src\\components\\ui\\alert-dialog.tsx": {"lines":{"total":27,"covered":0,"skipped":0,"pct":0},"functions":{"total":8,"covered":0,"skipped":0,"pct":0},"statements":{"total":27,"covered":0,"skipped":0,"pct":0},"branches":{"total":0,"covered":0,"skipped":0,"pct":100}}
,"C:\\Users\\LENOVO\\Downloads\\health-biz-analytics-main\\health-biz-analytics-main\\frontend\\src\\components\\ui\\alert.tsx": {"lines":{"total":10,"covered":0,"skipped":0,"pct":0},"functions":{"total":3,"covered":0,"skipped":0,"pct":0},"statements":{"total":10,"covered":0,"skipped":0,"pct":0},"branches":{"total":0,"covered":0,"skipped":0,"pct":100}}
,"C:\\Users\\LENOVO\\Downloads\\health-biz-analytics-main\\health-biz-analytics-main\\frontend\\src\\components\\ui\\aspect-ratio.tsx": {"lines":{"total":1,"covered":0,"skipped":0,"pct":0},"functions":{"total":0,"covered":0,"skipped":0,"pct":100},"statements":{"total":1,"covered":0,"skipped":0,"pct":0},"branches":{"total":0,"covered":0,"skipped":0,"pct":100}}
,"C:\\Users\\LENOVO\\Downloads\\health-biz-analytics-main\\health-biz-analytics-main\\frontend\\src\\components\\ui\\avatar.tsx": {"lines":{"total":9,"covered":0,"skipped":0,"pct":0},"functions":{"total":3,"covered":0,"skipped":0,"pct":0},"statements":{"total":9,"covered":0,"skipped":0,"pct":0},"branches":{"total":0,"covered":0,"skipped":0,"pct":100}}
,"C:\\Users\\LENOVO\\Downloads\\health-biz-analytics-main\\health-biz-analytics-main\\frontend\\src\\components\\ui\\badge.tsx": {"lines":{"total":2,"covered":0,"skipped":0,"pct":0},"functions":{"total":1,"covered":0,"skipped":0,"pct":0},"statements":{"total":2,"covered":0,"skipped":0,"pct":0},"branches":{"total":0,"covered":0,"skipped":0,"pct":100}}
,"C:\\Users\\LENOVO\\Downloads\\health-biz-analytics-main\\health-biz-analytics-main\\frontend\\src\\components\\ui\\breadcrumb.tsx": {"lines":{"total":22,"covered":0,"skipped":0,"pct":0},"functions":{"total":7,"covered":0,"skipped":0,"pct":0},"statements":{"total":22,"covered":0,"skipped":0,"pct":0},"branches":{"total":4,"covered":0,"skipped":0,"pct":0}}
,"C:\\Users\\LENOVO\\Downloads\\health-biz-analytics-main\\health-biz-analytics-main\\frontend\\src\\components\\ui\\button.tsx": {"lines":{"total":5,"covered":0,"skipped":0,"pct":0},"functions":{"total":1,"covered":0,"skipped":0,"pct":0},"statements":{"total":5,"covered":0,"skipped":0,"pct":0},"branches":{"total":3,"covered":0,"skipped":0,"pct":0}}
,"C:\\Users\\LENOVO\\Downloads\\health-biz-analytics-main\\health-biz-analytics-main\\frontend\\src\\components\\ui\\calendar.tsx": {"lines":{"total":4,"covered":0,"skipped":0,"pct":0},"functions":{"total":3,"covered":0,"skipped":0,"pct":0},"statements":{"total":4,"covered":0,"skipped":0,"pct":0},"branches":{"total":1,"covered":0,"skipped":0,"pct":0}}
,"C:\\Users\\LENOVO\\Downloads\\health-biz-analytics-main\\health-biz-analytics-main\\frontend\\src\\components\\ui\\card.tsx": {"lines":{"total":18,"covered":0,"skipped":0,"pct":0},"functions":{"total":6,"covered":0,"skipped":0,"pct":0},"statements":{"total":18,"covered":0,"skipped":0,"pct":0},"branches":{"total":0,"covered":0,"skipped":0,"pct":100}}
,"C:\\Users\\LENOVO\\Downloads\\health-biz-analytics-main\\health-biz-analytics-main\\frontend\\src\\components\\ui\\carousel.tsx": {"lines":{"total":55,"covered":0,"skipped":0,"pct":0},"functions":{"total":13,"covered":0,"skipped":0,"pct":0},"statements":{"total":55,"covered":0,"skipped":0,"pct":0},"branches":{"total":33,"covered":0,"skipped":0,"pct":0}}
,"C:\\Users\\LENOVO\\Downloads\\health-biz-analytics-main\\health-biz-analytics-main\\frontend\\src\\components\\ui\\chart.tsx": {"lines":{"total":63,"covered":0,"skipped":0,"pct":0},"functions":{"total":12,"covered":0,"skipped":0,"pct":0},"statements":{"total":63,"covered":0,"skipped":0,"pct":0},"branches":{"total":102,"covered":0,"skipped":0,"pct":0}}
,"C:\\Users\\LENOVO\\Downloads\\health-biz-analytics-main\\health-biz-analytics-main\\frontend\\src\\components\\ui\\checkbox.tsx": {"lines":{"total":3,"covered":0,"skipped":0,"pct":0},"functions":{"total":1,"covered":0,"skipped":0,"pct":0},"statements":{"total":3,"covered":0,"skipped":0,"pct":0},"branches":{"total":0,"covered":0,"skipped":0,"pct":100}}
,"C:\\Users\\LENOVO\\Downloads\\health-biz-analytics-main\\health-biz-analytics-main\\frontend\\src\\components\\ui\\collapsible.tsx": {"lines":{"total":3,"covered":0,"skipped":0,"pct":0},"functions":{"total":0,"covered":0,"skipped":0,"pct":100},"statements":{"total":3,"covered":0,"skipped":0,"pct":0},"branches":{"total":0,"covered":0,"skipped":0,"pct":100}}
,"C:\\Users\\LENOVO\\Downloads\\health-biz-analytics-main\\health-biz-analytics-main\\frontend\\src\\components\\ui\\command.tsx": {"lines":{"total":26,"covered":0,"skipped":0,"pct":0},"functions":{"total":9,"covered":0,"skipped":0,"pct":0},"statements":{"total":26,"covered":0,"skipped":0,"pct":0},"branches":{"total":0,"covered":0,"skipped":0,"pct":100}}
,"C:\\Users\\LENOVO\\Downloads\\health-biz-analytics-main\\health-biz-analytics-main\\frontend\\src\\components\\ui\\context-menu.tsx": {"lines":{"total":33,"covered":0,"skipped":0,"pct":0},"functions":{"total":9,"covered":0,"skipped":0,"pct":0},"statements":{"total":33,"covered":0,"skipped":0,"pct":0},"branches":{"total":6,"covered":0,"skipped":0,"pct":0}}
,"C:\\Users\\LENOVO\\Downloads\\health-biz-analytics-main\\health-biz-analytics-main\\frontend\\src\\components\\ui\\dialog.tsx": {"lines":{"total":22,"covered":0,"skipped":0,"pct":0},"functions":{"total":6,"covered":0,"skipped":0,"pct":0},"statements":{"total":22,"covered":0,"skipped":0,"pct":0},"branches":{"total":0,"covered":0,"skipped":0,"pct":100}}
,"C:\\Users\\LENOVO\\Downloads\\health-biz-analytics-main\\health-biz-analytics-main\\frontend\\src\\components\\ui\\drawer.tsx": {"lines":{"total":24,"covered":0,"skipped":0,"pct":0},"functions":{"total":7,"covered":0,"skipped":0,"pct":0},"statements":{"total":24,"covered":0,"skipped":0,"pct":0},"branches":{"total":1,"covered":0,"skipped":0,"pct":0}}
,"C:\\Users\\LENOVO\\Downloads\\health-biz-analytics-main\\health-biz-analytics-main\\frontend\\src\\components\\ui\\dropdown-menu.tsx": {"lines":{"total":33,"covered":0,"skipped":0,"pct":0},"functions":{"total":9,"covered":0,"skipped":0,"pct":0},"statements":{"total":33,"covered":0,"skipped":0,"pct":0},"branches":{"total":7,"covered":0,"skipped":0,"pct":0}}
,"C:\\Users\\LENOVO\\Downloads\\health-biz-analytics-main\\health-biz-analytics-main\\frontend\\src\\components\\ui\\form.tsx": {"lines":{"total":37,"covered":0,"skipped":0,"pct":0},"functions":{"total":7,"covered":0,"skipped":0,"pct":0},"statements":{"total":37,"covered":0,"skipped":0,"pct":0},"branches":{"total":12,"covered":0,"skipped":0,"pct":0}}
,"C:\\Users\\LENOVO\\Downloads\\health-biz-analytics-main\\health-biz-analytics-main\\frontend\\src\\components\\ui\\hover-card.tsx": {"lines":{"total":5,"covered":0,"skipped":0,"pct":0},"functions":{"total":1,"covered":0,"skipped":0,"pct":0},"statements":{"total":5,"covered":0,"skipped":0,"pct":0},"branches":{"total":2,"covered":0,"skipped":0,"pct":0}}
,"C:\\Users\\LENOVO\\Downloads\\health-biz-analytics-main\\health-biz-analytics-main\\frontend\\src\\components\\ui\\input-otp.tsx": {"lines":{"total":14,"covered":0,"skipped":0,"pct":0},"functions":{"total":4,"covered":0,"skipped":0,"pct":0},"statements":{"total":14,"covered":0,"skipped":0,"pct":0},"branches":{"total":4,"covered":0,"skipped":0,"pct":0}}
,"C:\\Users\\LENOVO\\Downloads\\health-biz-analytics-main\\health-biz-analytics-main\\frontend\\src\\components\\ui\\input.tsx": {"lines":{"total":3,"covered":0,"skipped":0,"pct":0},"functions":{"total":1,"covered":0,"skipped":0,"pct":0},"statements":{"total":3,"covered":0,"skipped":0,"pct":0},"branches":{"total":0,"covered":0,"skipped":0,"pct":100}}
,"C:\\Users\\LENOVO\\Downloads\\health-biz-analytics-main\\health-biz-analytics-main\\frontend\\src\\components\\ui\\label.tsx": {"lines":{"total":4,"covered":0,"skipped":0,"pct":0},"functions":{"total":1,"covered":0,"skipped":0,"pct":0},"statements":{"total":4,"covered":0,"skipped":0,"pct":0},"branches":{"total":0,"covered":0,"skipped":0,"pct":100}}
,"C:\\Users\\LENOVO\\Downloads\\health-biz-analytics-main\\health-biz-analytics-main\\frontend\\src\\components\\ui\\menubar.tsx": {"lines":{"total":38,"covered":0,"skipped":0,"pct":0},"functions":{"total":16,"covered":0,"skipped":0,"pct":0},"statements":{"total":38,"covered":0,"skipped":0,"pct":0},"branches":{"total":9,"covered":0,"skipped":0,"pct":0}}
,"C:\\Users\\LENOVO\\Downloads\\health-biz-analytics-main\\health-biz-analytics-main\\frontend\\src\\components\\ui\\navigation-menu.tsx": {"lines":{"total":21,"covered":0,"skipped":0,"pct":0},"functions":{"total":6,"covered":0,"skipped":0,"pct":0},"statements":{"total":21,"covered":0,"skipped":0,"pct":0},"branches":{"total":0,"covered":0,"skipped":0,"pct":100}}
,"C:\\Users\\LENOVO\\Downloads\\health-biz-analytics-main\\health-biz-analytics-main\\frontend\\src\\components\\ui\\pagination.tsx": {"lines":{"total":21,"covered":0,"skipped":0,"pct":0},"functions":{"total":7,"covered":0,"skipped":0,"pct":0},"statements":{"total":21,"covered":0,"skipped":0,"pct":0},"branches":{"total":5,"covered":0,"skipped":0,"pct":0}}
,"C:\\Users\\LENOVO\\Downloads\\health-biz-analytics-main\\health-biz-analytics-main\\frontend\\src\\components\\ui\\popover.tsx": {"lines":{"total":5,"covered":0,"skipped":0,"pct":0},"functions":{"total":1,"covered":0,"skipped":0,"pct":0},"statements":{"total":5,"covered":0,"skipped":0,"pct":0},"branches":{"total":2,"covered":0,"skipped":0,"pct":0}}
,"C:\\Users\\LENOVO\\Downloads\\health-biz-analytics-main\\health-biz-analytics-main\\frontend\\src\\components\\ui\\progress.tsx": {"lines":{"total":3,"covered":0,"skipped":0,"pct":0},"functions":{"total":1,"covered":0,"skipped":0,"pct":0},"statements":{"total":3,"covered":0,"skipped":0,"pct":0},"branches":{"total":2,"covered":0,"skipped":0,"pct":0}}
,"C:\\Users\\LENOVO\\Downloads\\health-biz-analytics-main\\health-biz-analytics-main\\frontend\\src\\components\\ui\\radio-group.tsx": {"lines":{"total":6,"covered":0,"skipped":0,"pct":0},"functions":{"total":2,"covered":0,"skipped":0,"pct":0},"statements":{"total":6,"covered":0,"skipped":0,"pct":0},"branches":{"total":0,"covered":0,"skipped":0,"pct":100}}
,"C:\\Users\\LENOVO\\Downloads\\health-biz-analytics-main\\health-biz-analytics-main\\frontend\\src\\components\\ui\\resizable.tsx": {"lines":{"total":5,"covered":0,"skipped":0,"pct":0},"functions":{"total":2,"covered":0,"skipped":0,"pct":0},"statements":{"total":5,"covered":0,"skipped":0,"pct":0},"branches":{"total":2,"covered":0,"skipped":0,"pct":0}}
,"C:\\Users\\LENOVO\\Downloads\\health-biz-analytics-main\\health-biz-analytics-main\\frontend\\src\\components\\ui\\scroll-area.tsx": {"lines":{"total":6,"covered":0,"skipped":0,"pct":0},"functions":{"total":2,"covered":0,"skipped":0,"pct":0},"statements":{"total":6,"covered":0,"skipped":0,"pct":0},"branches":{"total":5,"covered":0,"skipped":0,"pct":0}}
,"C:\\Users\\LENOVO\\Downloads\\health-biz-analytics-main\\health-biz-analytics-main\\frontend\\src\\components\\ui\\select.tsx": {"lines":{"total":24,"covered":0,"skipped":0,"pct":0},"functions":{"total":7,"covered":0,"skipped":0,"pct":0},"statements":{"total":24,"covered":0,"skipped":0,"pct":0},"branches":{"total":5,"covered":0,"skipped":0,"pct":0}}
,"C:\\Users\\LENOVO\\Downloads\\health-biz-analytics-main\\health-biz-analytics-main\\frontend\\src\\components\\ui\\separator.tsx": {"lines":{"total":3,"covered":0,"skipped":0,"pct":0},"functions":{"total":1,"covered":0,"skipped":0,"pct":0},"statements":{"total":3,"covered":0,"skipped":0,"pct":0},"branches":{"total":4,"covered":0,"skipped":0,"pct":0}}
,"C:\\Users\\LENOVO\\Downloads\\health-biz-analytics-main\\health-biz-analytics-main\\frontend\\src\\components\\ui\\sheet.tsx": {"lines":{"total":23,"covered":0,"skipped":0,"pct":0},"functions":{"total":6,"covered":0,"skipped":0,"pct":0},"statements":{"total":23,"covered":0,"skipped":0,"pct":0},"branches":{"total":1,"covered":0,"skipped":0,"pct":0}}
,"C:\\Users\\LENOVO\\Downloads\\health-biz-analytics-main\\health-biz-analytics-main\\frontend\\src\\components\\ui\\sidebar.tsx": {"lines":{"total":79,"covered":0,"skipped":0,"pct":0},"functions":{"total":34,"covered":0,"skipped":0,"pct":0},"statements":{"total":82,"covered":0,"skipped":0,"pct":0},"branches":{"total":73,"covered":0,"skipped":0,"pct":0}}
,"C:\\Users\\LENOVO\\Downloads\\health-biz-analytics-main\\health-biz-analytics-main\\frontend\\src\\components\\ui\\skeleton.tsx": {"lines":{"total":1,"covered":0,"skipped":0,"pct":0},"functions":{"total":1,"covered":0,"skipped":0,"pct":0},"statements":{"total":1,"covered":0,"skipped":0,"pct":0},"branches":{"total":0,"covered":0,"skipped":0,"pct":100}}
,"C:\\Users\\LENOVO\\Downloads\\health-biz-analytics-main\\health-biz-analytics-main\\frontend\\src\\components\\ui\\slider.tsx": {"lines":{"total":3,"covered":0,"skipped":0,"pct":0},"functions":{"total":1,"covered":0,"skipped":0,"pct":0},"statements":{"total":3,"covered":0,"skipped":0,"pct":0},"branches":{"total":0,"covered":0,"skipped":0,"pct":100}}
,"C:\\Users\\LENOVO\\Downloads\\health-biz-analytics-main\\health-biz-analytics-main\\frontend\\src\\components\\ui\\switch.tsx": {"lines":{"total":3,"covered":0,"skipped":0,"pct":0},"functions":{"total":1,"covered":0,"skipped":0,"pct":0},"statements":{"total":3,"covered":0,"skipped":0,"pct":0},"branches":{"total":0,"covered":0,"skipped":0,"pct":100}}
,"C:\\Users\\LENOVO\\Downloads\\health-biz-analytics-main\\health-biz-analytics-main\\frontend\\src\\components\\ui\\table.tsx": {"lines":{"total":24,"covered":0,"skipped":0,"pct":0},"functions":{"total":8,"covered":0,"skipped":0,"pct":0},"statements":{"total":24,"covered":0,"skipped":0,"pct":0},"branches":{"total":0,"covered":0,"skipped":0,"pct":100}}
,"C:\\Users\\LENOVO\\Downloads\\health-biz-analytics-main\\health-biz-analytics-main\\frontend\\src\\components\\ui\\tabs.tsx": {"lines":{"total":10,"covered":0,"skipped":0,"pct":0},"functions":{"total":3,"covered":0,"skipped":0,"pct":0},"statements":{"total":10,"covered":0,"skipped":0,"pct":0},"branches":{"total":0,"covered":0,"skipped":0,"pct":100}}
,"C:\\Users\\LENOVO\\Downloads\\health-biz-analytics-main\\health-biz-analytics-main\\frontend\\src\\components\\ui\\textarea.tsx": {"lines":{"total":3,"covered":0,"skipped":0,"pct":0},"functions":{"total":1,"covered":0,"skipped":0,"pct":0},"statements":{"total":3,"covered":0,"skipped":0,"pct":0},"branches":{"total":0,"covered":0,"skipped":0,"pct":100}}
,"C:\\Users\\LENOVO\\Downloads\\health-biz-analytics-main\\health-biz-analytics-main\\frontend\\src\\components\\ui\\toast.tsx": {"lines":{"total":20,"covered":0,"skipped":0,"pct":0},"functions":{"total":6,"covered":0,"skipped":0,"pct":0},"statements":{"total":20,"covered":0,"skipped":0,"pct":0},"branches":{"total":0,"covered":0,"skipped":0,"pct":100}}
,"C:\\Users\\LENOVO\\Downloads\\health-biz-analytics-main\\health-biz-analytics-main\\frontend\\src\\components\\ui\\toaster.tsx": {"lines":{"total":3,"covered":0,"skipped":0,"pct":0},"functions":{"total":2,"covered":0,"skipped":0,"pct":0},"statements":{"total":3,"covered":0,"skipped":0,"pct":0},"branches":{"total":4,"covered":0,"skipped":0,"pct":0}}
,"C:\\Users\\LENOVO\\Downloads\\health-biz-analytics-main\\health-biz-analytics-main\\frontend\\src\\components\\ui\\toggle-group.tsx": {"lines":{"total":8,"covered":0,"skipped":0,"pct":0},"functions":{"total":2,"covered":0,"skipped":0,"pct":0},"statements":{"total":8,"covered":0,"skipped":0,"pct":0},"branches":{"total":4,"covered":0,"skipped":0,"pct":0}}
,"C:\\Users\\LENOVO\\Downloads\\health-biz-analytics-main\\health-biz-analytics-main\\frontend\\src\\components\\ui\\toggle.tsx": {"lines":{"total":4,"covered":0,"skipped":0,"pct":0},"functions":{"total":1,"covered":0,"skipped":0,"pct":0},"statements":{"total":4,"covered":0,"skipped":0,"pct":0},"branches":{"total":0,"covered":0,"skipped":0,"pct":100}}
,"C:\\Users\\LENOVO\\Downloads\\health-biz-analytics-main\\health-biz-analytics-main\\frontend\\src\\components\\ui\\tooltip.tsx": {"lines":{"total":6,"covered":0,"skipped":0,"pct":0},"functions":{"total":1,"covered":0,"skipped":0,"pct":0},"statements":{"total":6,"covered":0,"skipped":0,"pct":0},"branches":{"total":1,"covered":0,"skipped":0,"pct":0}}
,"C:\\Users\\LENOVO\\Downloads\\health-biz-analytics-main\\health-biz-analytics-main\\frontend\\src\\hooks\\use-mobile.tsx": {"lines":{"total":10,"covered":0,"skipped":0,"pct":0},"functions":{"total":4,"covered":0,"skipped":0,"pct":0},"statements":{"total":11,"covered":0,"skipped":0,"pct":0},"branches":{"total":0,"covered":0,"skipped":0,"pct":100}}
,"C:\\Users\\LENOVO\\Downloads\\health-biz-analytics-main\\health-biz-analytics-main\\frontend\\src\\hooks\\use-toast.ts": {"lines":{"total":51,"covered":0,"skipped":0,"pct":0},"functions":{"total":18,"covered":0,"skipped":0,"pct":0},"statements":{"total":53,"covered":0,"skipped":0,"pct":0},"branches":{"total":20,"covered":0,"skipped":0,"pct":0}}
,"C:\\Users\\LENOVO\\Downloads\\health-biz-analytics-main\\health-biz-analytics-main\\frontend\\src\\lib\\queryClient.ts": {"lines":{"total":15,"covered":10,"skipped":0,"pct":66.66},"functions":{"total":4,"covered":3,"skipped":0,"pct":75},"statements":{"total":15,"covered":10,"skipped":0,"pct":66.66},"branches":{"total":14,"covered":9,"skipped":0,"pct":64.28}}
,"C:\\Users\\LENOVO\\Downloads\\health-biz-analytics-main\\health-biz-analytics-main\\frontend\\src\\lib\\utils.ts": {"lines":{"total":1,"covered":0,"skipped":0,"pct":0},"functions":{"total":1,"covered":0,"skipped":0,"pct":0},"statements":{"total":1,"covered":0,"skipped":0,"pct":0},"branches":{"total":0,"covered":0,"skipped":0,"pct":100}}
,"C:\\Users\\LENOVO\\Downloads\\health-biz-analytics-main\\health-biz-analytics-main\\frontend\\src\\pages\\analytics.tsx": {"lines":{"total":10,"covered":0,"skipped":0,"pct":0},"functions":{"total":6,"covered":0,"skipped":0,"pct":0},"statements":{"total":10,"covered":0,"skipped":0,"pct":0},"branches":{"total":20,"covered":0,"skipped":0,"pct":0}}
,"C:\\Users\\LENOVO\\Downloads\\health-biz-analytics-main\\health-biz-analytics-main\\frontend\\src\\pages\\appointments.tsx": {"lines":{"total":44,"covered":0,"skipped":0,"pct":0},"functions":{"total":24,"covered":0,"skipped":0,"pct":0},"statements":{"total":44,"covered":0,"skipped":0,"pct":0},"branches":{"total":34,"covered":0,"skipped":0,"pct":0}}
,"C:\\Users\\LENOVO\\Downloads\\health-biz-analytics-main\\health-biz-analytics-main\\frontend\\src\\pages\\dashboard.tsx": {"lines":{"total":11,"covered":0,"skipped":0,"pct":0},"functions":{"total":5,"covered":0,"skipped":0,"pct":0},"statements":{"total":11,"covered":0,"skipped":0,"pct":0},"branches":{"total":30,"covered":0,"skipped":0,"pct":0}}
,"C:\\Users\\LENOVO\\Downloads\\health-biz-analytics-main\\health-biz-analytics-main\\frontend\\src\\pages\\departments.tsx": {"lines":{"total":4,"covered":0,"skipped":0,"pct":0},"functions":{"total":3,"covered":0,"skipped":0,"pct":0},"statements":{"total":4,"covered":0,"skipped":0,"pct":0},"branches":{"total":16,"covered":0,"skipped":0,"pct":0}}
,"C:\\Users\\LENOVO\\Downloads\\health-biz-analytics-main\\health-biz-analytics-main\\frontend\\src\\pages\\not-found.tsx": {"lines":{"total":1,"covered":0,"skipped":0,"pct":0},"functions":{"total":1,"covered":0,"skipped":0,"pct":0},"statements":{"total":1,"covered":0,"skipped":0,"pct":0},"branches":{"total":0,"covered":0,"skipped":0,"pct":100}}
,"C:\\Users\\LENOVO\\Downloads\\health-biz-analytics-main\\health-biz-analytics-main\\frontend\\src\\pages\\patients.tsx": {"lines":{"total":35,"covered":0,"skipped":0,"pct":0},"functions":{"total":20,"covered":0,"skipped":0,"pct":0},"statements":{"total":35,"covered":0,"skipped":0,"pct":0},"branches":{"total":36,"covered":0,"skipped":0,"pct":0}}
,"C:\\Users\\LENOVO\\Downloads\\health-biz-analytics-main\\health-biz-analytics-main\\frontend\\src\\shared\\types.ts": {"lines":{"total":2,"covered":0,"skipped":0,"pct":0},"functions":{"total":0,"covered":0,"skipped":0,"pct":100},"statements":{"total":2,"covered":0,"skipped":0,"pct":0},"branches":{"total":0,"covered":0,"skipped":0,"pct":100}}
}
