{"total": {"lines":{"total":151,"covered":2,"skipped":0,"pct":1.32},"statements":{"total":153,"covered":2,"skipped":0,"pct":1.3},"functions":{"total":38,"covered":0,"skipped":0,"pct":0},"branches":{"total":94,"covered":0,"skipped":0,"pct":0},"branchesTrue":{"total":0,"covered":0,"skipped":0,"pct":"Unknown"}}
,"C:\\Users\\LENOVO\\Downloads\\health-biz-analytics-main\\health-biz-analytics-main\\backend\\src\\db.ts": {"lines":{"total":6,"covered":0,"skipped":0,"pct":0},"functions":{"total":1,"covered":0,"skipped":0,"pct":0},"statements":{"total":6,"covered":0,"skipped":0,"pct":0},"branches":{"total":12,"covered":0,"skipped":0,"pct":0}}
,"C:\\Users\\LENOVO\\Downloads\\health-biz-analytics-main\\health-biz-analytics-main\\backend\\src\\index.ts": {"lines":{"total":41,"covered":0,"skipped":0,"pct":0},"functions":{"total":8,"covered":0,"skipped":0,"pct":0},"statements":{"total":41,"covered":0,"skipped":0,"pct":0},"branches":{"total":16,"covered":0,"skipped":0,"pct":0}}
,"C:\\Users\\LENOVO\\Downloads\\health-biz-analytics-main\\health-biz-analytics-main\\backend\\src\\routes.ts": {"lines":{"total":53,"covered":0,"skipped":0,"pct":0},"functions":{"total":10,"covered":0,"skipped":0,"pct":0},"statements":{"total":53,"covered":0,"skipped":0,"pct":0},"branches":{"total":8,"covered":0,"skipped":0,"pct":0}}
,"C:\\Users\\LENOVO\\Downloads\\health-biz-analytics-main\\health-biz-analytics-main\\backend\\src\\schema.ts": {"lines":{"total":2,"covered":2,"skipped":0,"pct":100},"functions":{"total":0,"covered":0,"skipped":0,"pct":100},"statements":{"total":2,"covered":2,"skipped":0,"pct":100},"branches":{"total":0,"covered":0,"skipped":0,"pct":100}}
,"C:\\Users\\LENOVO\\Downloads\\health-biz-analytics-main\\health-biz-analytics-main\\backend\\src\\storage.ts": {"lines":{"total":49,"covered":0,"skipped":0,"pct":0},"functions":{"total":19,"covered":0,"skipped":0,"pct":0},"statements":{"total":51,"covered":0,"skipped":0,"pct":0},"branches":{"total":58,"covered":0,"skipped":0,"pct":0}}
}
