TN:
SF:src\db.ts
FN:22,getPool
FNF:1
FNH:0
FNDA:0,getPool
DA:3,0
DA:20,0
DA:23,0
DA:24,0
DA:25,0
DA:27,0
LF:6
LH:0
BRDA:4,0,0,0
BRDA:4,0,1,0
BRDA:5,1,0,0
BRDA:5,1,1,0
BRDA:6,2,0,0
BRDA:6,2,1,0
BRDA:7,3,0,0
BRDA:7,3,1,0
BRDA:8,4,0,0
BRDA:8,4,1,0
BRDA:23,5,0,0
BRDA:23,5,1,0
BRF:12
BRH:0
end_of_record
TN:
SF:src\index.ts
FN:31,(anonymous_0)
FN:39,log
FN:50,(anonymous_2)
FN:56,(anonymous_3)
FN:61,(anonymous_4)
FN:76,(anonymous_5)
FN:135,(anonymous_6)
FN:149,(anonymous_7)
FNF:8
FNH:0
FNDA:0,(anonymous_0)
FNDA:0,log
FNDA:0,(anonymous_2)
FNDA:0,(anonymous_3)
FNDA:0,(anonymous_4)
FNDA:0,(anonymous_5)
FNDA:0,(anonymous_6)
FNDA:0,(anonymous_7)
DA:8,0
DA:9,0
DA:18,0
DA:22,0
DA:29,0
DA:32,0
DA:37,0
DA:40,0
DA:47,0
DA:50,0
DA:51,0
DA:52,0
DA:53,0
DA:55,0
DA:56,0
DA:57,0
DA:58,0
DA:61,0
DA:62,0
DA:63,0
DA:64,0
DA:65,0
DA:66,0
DA:69,0
DA:73,0
DA:74,0
DA:78,0
DA:81,0
DA:130,0
DA:131,0
DA:133,0
DA:135,0
DA:136,0
DA:137,0
DA:139,0
DA:141,0
DA:142,0
DA:145,0
DA:148,0
DA:149,0
DA:150,0
LF:41
LH:0
BRDA:18,0,0,0
BRDA:18,0,1,0
BRDA:39,1,0,0
BRDA:63,2,0,0
BRDA:63,2,1,0
BRDA:65,3,0,0
BRDA:65,3,1,0
BRDA:136,4,0,0
BRDA:136,4,1,0
BRDA:136,4,2,0
BRDA:137,5,0,0
BRDA:137,5,1,0
BRDA:141,6,0,0
BRDA:141,6,1,0
BRDA:148,7,0,0
BRDA:148,7,1,0
BRF:16
BRH:0
end_of_record
TN:
SF:src\routes.ts
FN:6,registerRoutes
FN:11,(anonymous_1)
FN:20,(anonymous_2)
FN:29,(anonymous_3)
FN:39,(anonymous_4)
FN:48,(anonymous_5)
FN:57,(anonymous_6)
FN:70,(anonymous_7)
FN:86,(anonymous_8)
FN:95,(anonymous_9)
FNF:10
FNH:0
FNDA:0,registerRoutes
FNDA:0,(anonymous_1)
FNDA:0,(anonymous_2)
FNDA:0,(anonymous_3)
FNDA:0,(anonymous_4)
FNDA:0,(anonymous_5)
FNDA:0,(anonymous_6)
FNDA:0,(anonymous_7)
FNDA:0,(anonymous_8)
FNDA:0,(anonymous_9)
DA:11,0
DA:12,0
DA:13,0
DA:14,0
DA:16,0
DA:20,0
DA:21,0
DA:22,0
DA:23,0
DA:25,0
DA:29,0
DA:30,0
DA:31,0
DA:32,0
DA:33,0
DA:35,0
DA:39,0
DA:40,0
DA:41,0
DA:42,0
DA:44,0
DA:48,0
DA:49,0
DA:50,0
DA:51,0
DA:53,0
DA:57,0
DA:58,0
DA:59,0
DA:63,0
DA:64,0
DA:66,0
DA:70,0
DA:71,0
DA:72,0
DA:73,0
DA:74,0
DA:76,0
DA:77,0
DA:78,0
DA:80,0
DA:82,0
DA:86,0
DA:87,0
DA:88,0
DA:89,0
DA:91,0
DA:95,0
DA:96,0
DA:97,0
DA:98,0
DA:100,0
DA:104,0
LF:53
LH:0
BRDA:35,0,0,0
BRDA:35,0,1,0
BRDA:66,1,0,0
BRDA:66,1,1,0
BRDA:73,2,0,0
BRDA:73,2,1,0
BRDA:77,3,0,0
BRDA:77,3,1,0
BRF:8
BRH:0
end_of_record
TN:
SF:src\schema.ts
FNF:0
FNH:0
DA:96,1
DA:109,1
LF:2
LH:2
BRF:0
BRH:0
end_of_record
TN:
SF:src\storage.ts
FN:36,mapPatient
FN:53,mapAppointment
FN:67,mapDepartment
FN:78,mapAnalytics
FN:91,(anonymous_4)
FN:99,(anonymous_5)
FN:107,(anonymous_6)
FN:128,(anonymous_7)
FN:136,(anonymous_8)
FN:142,(anonymous_9)
FN:152,(anonymous_10)
FN:158,(anonymous_11)
FN:166,(anonymous_12)
FN:186,(anonymous_13)
FN:199,(anonymous_14)
FN:205,(anonymous_15)
FN:221,(anonymous_16)
FN:229,(anonymous_17)
FN:246,(anonymous_18)
FNF:19
FNH:0
FNDA:0,mapPatient
FNDA:0,mapAppointment
FNDA:0,mapDepartment
FNDA:0,mapAnalytics
FNDA:0,(anonymous_4)
FNDA:0,(anonymous_5)
FNDA:0,(anonymous_6)
FNDA:0,(anonymous_7)
FNDA:0,(anonymous_8)
FNDA:0,(anonymous_9)
FNDA:0,(anonymous_10)
FNDA:0,(anonymous_11)
FNDA:0,(anonymous_12)
FNDA:0,(anonymous_13)
FNDA:0,(anonymous_14)
FNDA:0,(anonymous_15)
FNDA:0,(anonymous_16)
FNDA:0,(anonymous_17)
FNDA:0,(anonymous_18)
DA:37,0
DA:54,0
DA:68,0
DA:79,0
DA:92,0
DA:93,0
DA:96,0
DA:100,0
DA:101,0
DA:104,0
DA:108,0
DA:109,0
DA:125,0
DA:129,0
DA:130,0
DA:136,0
DA:143,0
DA:144,0
DA:152,0
DA:159,0
DA:160,0
DA:163,0
DA:167,0
DA:168,0
DA:169,0
DA:183,0
DA:187,0
DA:188,0
DA:196,0
DA:200,0
DA:201,0
DA:202,0
DA:206,0
DA:207,0
DA:218,0
DA:222,0
DA:223,0
DA:226,0
DA:230,0
DA:231,0
DA:243,0
DA:254,0
DA:256,0
DA:257,0
DA:258,0
DA:261,0
DA:265,0
DA:269,0
DA:280,0
LF:49
LH:0
BRDA:85,0,0,0
BRDA:85,0,1,0
BRDA:86,1,0,0
BRDA:86,1,1,0
BRDA:104,2,0,0
BRDA:104,2,1,0
BRDA:112,3,0,0
BRDA:112,3,1,0
BRDA:113,4,0,0
BRDA:113,4,1,0
BRDA:114,5,0,0
BRDA:114,5,1,0
BRDA:115,6,0,0
BRDA:115,6,1,0
BRDA:116,7,0,0
BRDA:116,7,1,0
BRDA:117,8,0,0
BRDA:117,8,1,0
BRDA:118,9,0,0
BRDA:118,9,1,0
BRDA:119,10,0,0
BRDA:119,10,1,0
BRDA:163,11,0,0
BRDA:163,11,1,0
BRDA:168,12,0,0
BRDA:168,12,1,0
BRDA:172,13,0,0
BRDA:172,13,1,0
BRDA:174,14,0,0
BRDA:174,14,1,0
BRDA:175,15,0,0
BRDA:175,15,1,0
BRDA:176,16,0,0
BRDA:176,16,1,0
BRDA:177,17,0,0
BRDA:177,17,1,0
BRDA:196,18,0,0
BRDA:196,18,1,0
BRDA:209,19,0,0
BRDA:209,19,1,0
BRDA:210,20,0,0
BRDA:210,20,1,0
BRDA:211,21,0,0
BRDA:211,21,1,0
BRDA:212,22,0,0
BRDA:212,22,1,0
BRDA:234,23,0,0
BRDA:234,23,1,0
BRDA:235,24,0,0
BRDA:235,24,1,0
BRDA:236,25,0,0
BRDA:236,25,1,0
BRDA:237,26,0,0
BRDA:237,26,1,0
BRDA:265,27,0,0
BRDA:265,27,1,0
BRDA:266,28,0,0
BRDA:266,28,1,0
BRF:58
BRH:0
end_of_record
